<?xml version="1.0" encoding="UTF-8"?>
<testng-results ignored="0" total="1" passed="0" failed="1" skipped="0">
  <reporter-output>
  </reporter-output>
  <suite started-at="2021-12-12T08:00:47Z" name="Default suite" finished-at="2021-12-12T08:01:10Z" duration-ms="22571">
    <groups>
    </groups>
    <test started-at="2021-12-12T08:00:47Z" name="Default test" finished-at="2021-12-12T08:01:10Z" duration-ms="22571">
      <class name="testclass.SampleTestclass">
        <test-method is-config="true" signature="beforeSuite()[pri:0, instance:testclass.SampleTestclass@5454d35e]" started-at="2021-12-12T13:30:47Z" name="beforeSuite" finished-at="2021-12-12T13:30:47Z" duration-ms="192" status="PASS">
          <reporter-output>
          </reporter-output>
        </test-method> <!-- beforeSuite -->
        <test-method is-config="true" signature="setData()[pri:0, instance:testclass.SampleTestclass@5454d35e]" started-at="2021-12-12T13:30:47Z" name="setData" finished-at="2021-12-12T13:30:47Z" duration-ms="1" status="PASS">
          <reporter-output>
          </reporter-output>
        </test-method> <!-- setData -->
        <test-method is-config="true" signature="beforeClass()[pri:0, instance:testclass.SampleTestclass@5454d35e]" started-at="2021-12-12T13:30:47Z" name="beforeClass" finished-at="2021-12-12T13:30:47Z" duration-ms="3" status="PASS">
          <reporter-output>
          </reporter-output>
        </test-method> <!-- beforeClass -->
        <test-method is-config="true" signature="beforeMethod()[pri:0, instance:testclass.SampleTestclass@5454d35e]" started-at="2021-12-12T13:30:47Z" name="beforeMethod" finished-at="2021-12-12T13:30:58Z" duration-ms="10594" status="PASS">
          <reporter-output>
          </reporter-output>
        </test-method> <!-- beforeMethod -->
        <test-method signature="main()[pri:0, instance:testclass.SampleTestclass@5454d35e]" started-at="2021-12-12T13:30:58Z" name="main" finished-at="2021-12-12T13:31:09Z" duration-ms="11230" status="FAIL">
          <exception class="java.lang.RuntimeException">
            <full-stacktrace>
              <![CDATA[java.lang.RuntimeException
	at utils.Reporter.reportStep(Reporter.java:60)
	at utils.Reporter.reportStep(Reporter.java:70)
	at utils.SeMethods.locateElement(SeMethods.java:99)
	at pages.LoginPage.enter_password(LoginPage.java:20)
	at testclass.SampleTestclass.main(SampleTestclass.java:31)
	at java.base/jdk.internal.reflect.NativeMethodAccessorImpl.invoke0(Native Method)
	at java.base/jdk.internal.reflect.NativeMethodAccessorImpl.invoke(NativeMethodAccessorImpl.java:64)
	at java.base/jdk.internal.reflect.DelegatingMethodAccessorImpl.invoke(DelegatingMethodAccessorImpl.java:43)
	at java.base/java.lang.reflect.Method.invoke(Method.java:564)
	at org.testng.internal.MethodInvocationHelper.invokeMethod(MethodInvocationHelper.java:104)
	at org.testng.internal.Invoker.invokeMethod(Invoker.java:645)
	at org.testng.internal.Invoker.invokeTestMethod(Invoker.java:851)
	at org.testng.internal.Invoker.invokeTestMethods(Invoker.java:1177)
	at org.testng.internal.TestMethodWorker.invokeTestMethods(TestMethodWorker.java:129)
	at org.testng.internal.TestMethodWorker.run(TestMethodWorker.java:112)
	at org.testng.TestRunner.privateRun(TestRunner.java:756)
	at org.testng.TestRunner.run(TestRunner.java:610)
	at org.testng.SuiteRunner.runTest(SuiteRunner.java:387)
	at org.testng.SuiteRunner.runSequentially(SuiteRunner.java:382)
	at org.testng.SuiteRunner.privateRun(SuiteRunner.java:340)
	at org.testng.SuiteRunner.run(SuiteRunner.java:289)
	at org.testng.SuiteRunnerWorker.runSuite(SuiteRunnerWorker.java:52)
	at org.testng.SuiteRunnerWorker.run(SuiteRunnerWorker.java:86)
	at org.testng.TestNG.runSuitesSequentially(TestNG.java:1293)
	at org.testng.TestNG.runSuitesLocally(TestNG.java:1218)
	at org.testng.TestNG.runSuites(TestNG.java:1133)
	at org.testng.TestNG.run(TestNG.java:1104)
	at org.testng.remote.AbstractRemoteTestNG.run(AbstractRemoteTestNG.java:115)
	at org.testng.remote.RemoteTestNG.initAndRun(RemoteTestNG.java:251)
	at org.testng.remote.RemoteTestNG.main(RemoteTestNG.java:77)
]]>
            </full-stacktrace>
          </exception> <!-- java.lang.RuntimeException -->
          <reporter-output>
          </reporter-output>
        </test-method> <!-- main -->
        <test-method is-config="true" signature="afterMethod()[pri:0, instance:testclass.SampleTestclass@5454d35e]" started-at="2021-12-12T13:31:09Z" name="afterMethod" finished-at="2021-12-12T13:31:10Z" duration-ms="728" status="PASS">
          <reporter-output>
          </reporter-output>
        </test-method> <!-- afterMethod -->
        <test-method is-config="true" signature="afterTest()[pri:0, instance:testclass.SampleTestclass@5454d35e]" started-at="2021-12-12T13:31:10Z" name="afterTest" finished-at="2021-12-12T13:31:10Z" duration-ms="1" status="PASS">
          <reporter-output>
          </reporter-output>
        </test-method> <!-- afterTest -->
        <test-method is-config="true" signature="afterSuite()[pri:0, instance:testclass.SampleTestclass@5454d35e]" started-at="2021-12-12T13:31:11Z" name="afterSuite" finished-at="2021-12-12T13:31:12Z" duration-ms="766" status="PASS">
          <reporter-output>
          </reporter-output>
        </test-method> <!-- afterSuite -->
      </class> <!-- testclass.SampleTestclass -->
    </test> <!-- Default test -->
  </suite> <!-- Default suite -->
</testng-results>
